<?xml version="1.0" encoding="UTF-8"?>
<testsuites name="Login" time="242.656" tests="5" failures="1" errors="0">
   <testsuite name="Login" tests="5" failures="1" errors="0" time="242.656" skipped="0" timestamp="2023-04-27 23:16:58" hostname="LENOVO - DESKTOP-0EH6HA0" id="Test Suites/Login/Login">
      <properties>
         <property name="deviceName" value="emulator-5556 (Android SDK built for x86 - Android 7.0)"/>
         <property name="devicePlatform" value=""/>
         <property name="logFolder" value="C:\\Users\\LENOVO\\git\\Katalon-Mobile-Testing\\Reports\\20230427_231650\\Login\\Login\\20230427_231650"/>
         <property name="logFiles" value="C:\\Users\\LENOVO\\git\\Katalon-Mobile-Testing\\Reports\\20230427_231650\\Login\\Login\\20230427_231650\\appium.log, C:\\Users\\LENOVO\\git\\Katalon-Mobile-Testing\\Reports\\20230427_231650\\Login\\Login\\20230427_231650\\execution0.log"/>
         <property name="attachments" value="C:\Users\LENOVO\AppData\Local\Temp\screenshot2509259511993205114.png, C:\Users\LENOVO\AppData\Local\Temp\screenshot8460418537700641893.png, C:\Users\LENOVO\AppData\Local\Temp\screenshot6780501950219514960.png, C:\Users\LENOVO\AppData\Local\Temp\screenshot7936325384978369315.png, C:\Users\LENOVO\AppData\Local\Temp\screenshot91496673715919669.png, C:\Users\LENOVO\AppData\Local\Temp\screenshot7602340115604597821.png, C:\Users\LENOVO\AppData\Local\Temp\screenshot1104389025135011384.png, C:\Users\LENOVO\AppData\Local\Temp\screenshot4567610957169262174.png, C:\\Users\\LENOVO\\git\\Katalon-Mobile-Testing\\Reports\\20230427_231650\\Login\\Login\\20230427_231650\\1682612459193.png"/>
         <property name="hostName" value="LENOVO - DESKTOP-0EH6HA0"/>
         <property name="os" value="Windows 10 64bit"/>
         <property name="appiumServerStatus" value="{&quot;value&quot;:{&quot;build&quot;:{&quot;version&quot;:&quot;1.22.3&quot;}},&quot;sessionId&quot;:null,&quot;status&quot;:0}"/>
         <property name="katalonVersion" value="8.5.5.208"/>
         <property name="deviceOS" value="Android"/>
         <property name="appiumVersion" value="1.22.3"/>
         <property name="deviceModel" value="Android SDK built for x86"/>
         <property name="hostAddress" value="192.168.225.20"/>
         <property name="deviceManufacturer" value="Google"/>
         <property name="deviceId" value="emulator-5556"/>
         <property name="deviceName" value="emulator-5556 (Android SDK built for x86 - Android 7.0)"/>
         <property name="deviceOSVersion" value="7.0"/>
      </properties>
      <testcase name="Test Cases/Login/TCLog 01 - username dan password null" time="46.186" classname="Test Cases/Login/TCLog 01 - username dan password null" status="PASSED">
         <system-out><![CDATA[2023-04-27 23:16:59 - [TEST_CASE][PASSED] - Test Cases/Login/TCLog 01 - username dan password null: Test Cases/Login/TCLog 01 - username dan password null

2023-04-27 23:17:00 - [TEST_STEP][PASSED] - startApplication("C:\Users\LENOVO\Downloads\Android-MyDemoAppRN.1.2.0.build-231.apk", true): Started app at: 'C:\Users\LENOVO\Downloads\Android-MyDemoAppRN.1.2.0.build-231.apk'

2023-04-27 23:17:01 - [MESSAGE][INFO] - Detected NodeJS location: "C:\Program Files\nodejs\node.exe"

2023-04-27 23:17:05 - [MESSAGE][INFO] - Appium server started on port 55,788

2023-04-27 23:17:35 - [MESSAGE][PASSED] - Started app at: 'C:\Users\LENOVO\Downloads\Android-MyDemoAppRN.1.2.0.build-231.apk'

2023-04-27 23:17:35 - [TEST_STEP][PASSED] - tap(findTestObject("Object Repository/Login/TClog 01 - username dan password null/android.widget.ImageView"), 0): Tapped on element 'Object Repository/Login/TClog 01 - username dan password null/android.widget.ImageView'

2023-04-27 23:17:36 - [MESSAGE][WARNING] - Timeout '0' is invalid. Using default page load timeout: '30'

2023-04-27 23:17:37 - [MESSAGE][PASSED] - Tapped on element 'Object Repository/Login/TClog 01 - username dan password null/android.widget.ImageView'

2023-04-27 23:17:37 - [TEST_STEP][PASSED] - tap(findTestObject("Object Repository/Login/TClog 01 - username dan password null/android.widget.TextView - Log In"), 0): Tapped on element 'Object Repository/Login/TClog 01 - username dan password null/android.widget.TextView - Log In'

2023-04-27 23:17:37 - [MESSAGE][WARNING] - Timeout '0' is invalid. Using default page load timeout: '30'

2023-04-27 23:17:40 - [MESSAGE][PASSED] - Tapped on element 'Object Repository/Login/TClog 01 - username dan password null/android.widget.TextView - Log In'

2023-04-27 23:17:40 - [TEST_STEP][PASSED] - takeScreenshot("C:\Users\LENOVO\AppData\Local\Temp\screenshot2509259511993205114.png"): Screenshot is taken

2023-04-27 23:17:41 - [MESSAGE][PASSED] - Screenshot is taken
[[ATTACHMENT|C:\Users\LENOVO\AppData\Local\Temp\screenshot2509259511993205114.png]]

2023-04-27 23:17:41 - [TEST_STEP][PASSED] - tap(findTestObject("Object Repository/Login/TClog 01 - username dan password null/android.view.ViewGroup"), 0): Tapped on element 'Object Repository/Login/TClog 01 - username dan password null/android.view.ViewGroup'

2023-04-27 23:17:41 - [MESSAGE][WARNING] - Timeout '0' is invalid. Using default page load timeout: '30'

2023-04-27 23:17:42 - [MESSAGE][PASSED] - Tapped on element 'Object Repository/Login/TClog 01 - username dan password null/android.view.ViewGroup'

2023-04-27 23:17:42 - [TEST_STEP][PASSED] - takeScreenshot("C:\Users\LENOVO\AppData\Local\Temp\screenshot8460418537700641893.png"): Screenshot is taken

2023-04-27 23:17:43 - [MESSAGE][PASSED] - Screenshot is taken
[[ATTACHMENT|C:\Users\LENOVO\AppData\Local\Temp\screenshot8460418537700641893.png]]

2023-04-27 23:17:43 - [TEST_STEP][PASSED] - closeApplication(): Close app successfully

2023-04-27 23:17:45 - [MESSAGE][PASSED] - Close app successfully]]></system-out>
         <system-err><![CDATA[]]></system-err>
      </testcase>
      <testcase name="Test Cases/Login/TCLog 02 - username null password valid" time="43.272" classname="Test Cases/Login/TCLog 02 - username null password valid" status="PASSED">
         <system-out><![CDATA[2023-04-27 23:17:45 - [TEST_CASE][PASSED] - Test Cases/Login/TCLog 02 - username null password valid: Test Cases/Login/TCLog 02 - username null password valid

2023-04-27 23:17:46 - [TEST_STEP][PASSED] - startApplication("C:\Users\LENOVO\Downloads\Android-MyDemoAppRN.1.2.0.build-231.apk", true): Started app at: 'C:\Users\LENOVO\Downloads\Android-MyDemoAppRN.1.2.0.build-231.apk'

2023-04-27 23:17:46 - [MESSAGE][INFO] - Detected NodeJS location: "C:\Program Files\nodejs\node.exe"

2023-04-27 23:17:49 - [MESSAGE][INFO] - Appium server started on port 56,042

2023-04-27 23:18:15 - [MESSAGE][PASSED] - Started app at: 'C:\Users\LENOVO\Downloads\Android-MyDemoAppRN.1.2.0.build-231.apk'

2023-04-27 23:18:15 - [TEST_STEP][PASSED] - takeScreenshot("C:\Users\LENOVO\AppData\Local\Temp\screenshot6780501950219514960.png"): Screenshot is taken

2023-04-27 23:18:17 - [MESSAGE][PASSED] - Screenshot is taken
[[ATTACHMENT|C:\Users\LENOVO\AppData\Local\Temp\screenshot6780501950219514960.png]]

2023-04-27 23:18:17 - [TEST_STEP][PASSED] - tap(findTestObject("Object Repository/Login/TCLog 02 - username null password valid/android.widget.ImageView"), 0): Tapped on element 'Object Repository/Login/TCLog 02 - username null password valid/android.widget.ImageView'

2023-04-27 23:18:17 - [MESSAGE][WARNING] - Timeout '0' is invalid. Using default page load timeout: '30'

2023-04-27 23:18:18 - [MESSAGE][PASSED] - Tapped on element 'Object Repository/Login/TCLog 02 - username null password valid/android.widget.ImageView'

2023-04-27 23:18:18 - [TEST_STEP][PASSED] - takeScreenshot("C:\Users\LENOVO\AppData\Local\Temp\screenshot7936325384978369315.png"): Screenshot is taken

2023-04-27 23:18:19 - [MESSAGE][PASSED] - Screenshot is taken
[[ATTACHMENT|C:\Users\LENOVO\AppData\Local\Temp\screenshot7936325384978369315.png]]

2023-04-27 23:18:19 - [TEST_STEP][PASSED] - tap(findTestObject("Object Repository/Login/TCLog 02 - username null password valid/android.widget.TextView - Log In"), 0): Tapped on element 'Object Repository/Login/TCLog 02 - username null password valid/android.widget.TextView - Log In'

2023-04-27 23:18:19 - [MESSAGE][WARNING] - Timeout '0' is invalid. Using default page load timeout: '30'

2023-04-27 23:18:20 - [MESSAGE][PASSED] - Tapped on element 'Object Repository/Login/TCLog 02 - username null password valid/android.widget.TextView - Log In'

2023-04-27 23:18:20 - [TEST_STEP][PASSED] - tap(findTestObject("Object Repository/Login/TCLog 02 - username null password valid/android.widget.EditText"), 0): Tapped on element 'Object Repository/Login/TCLog 02 - username null password valid/android.widget.EditText'

2023-04-27 23:18:20 - [MESSAGE][WARNING] - Timeout '0' is invalid. Using default page load timeout: '30'

2023-04-27 23:18:22 - [MESSAGE][PASSED] - Tapped on element 'Object Repository/Login/TCLog 02 - username null password valid/android.widget.EditText'

2023-04-27 23:18:22 - [TEST_STEP][PASSED] - setText(findTestObject("Object Repository/Login/TCLog 02 - username null password valid/android.widget.EditText (1)"), "10203040", 0): Text '10203040' has been set to element 'Object Repository/Login/TCLog 02 - username null password valid/android.widget.EditText (1)'

2023-04-27 23:18:23 - [MESSAGE][WARNING] - Timeout '0' is invalid. Using default page load timeout: '30'

2023-04-27 23:18:25 - [MESSAGE][PASSED] - Text '10203040' has been set to element 'Object Repository/Login/TCLog 02 - username null password valid/android.widget.EditText (1)'

2023-04-27 23:18:25 - [TEST_STEP][PASSED] - tap(findTestObject("Object Repository/Login/TCLog 02 - username null password valid/android.view.ViewGroup"), 0): Tapped on element 'Object Repository/Login/TCLog 02 - username null password valid/android.view.ViewGroup'

2023-04-27 23:18:25 - [MESSAGE][WARNING] - Timeout '0' is invalid. Using default page load timeout: '30'

2023-04-27 23:18:25 - [MESSAGE][PASSED] - Tapped on element 'Object Repository/Login/TCLog 02 - username null password valid/android.view.ViewGroup'

2023-04-27 23:18:25 - [TEST_STEP][PASSED] - takeScreenshot("C:\Users\LENOVO\AppData\Local\Temp\screenshot91496673715919669.png"): Screenshot is taken

2023-04-27 23:18:26 - [MESSAGE][PASSED] - Screenshot is taken
[[ATTACHMENT|C:\Users\LENOVO\AppData\Local\Temp\screenshot91496673715919669.png]]

2023-04-27 23:18:26 - [TEST_STEP][PASSED] - closeApplication(): Close app successfully

2023-04-27 23:18:28 - [MESSAGE][PASSED] - Close app successfully]]></system-out>
         <system-err><![CDATA[]]></system-err>
      </testcase>
      <testcase name="Test Cases/Login/TCLog 03 - username valid password null" time="44.464" classname="Test Cases/Login/TCLog 03 - username valid password null" status="PASSED">
         <system-out><![CDATA[2023-04-27 23:18:28 - [TEST_CASE][PASSED] - Test Cases/Login/TCLog 03 - username valid password null: Test Cases/Login/TCLog 03 - username valid password null

2023-04-27 23:18:30 - [TEST_STEP][PASSED] - startApplication("C:\Users\LENOVO\Downloads\Android-MyDemoAppRN.1.2.0.build-231.apk", true): Started app at: 'C:\Users\LENOVO\Downloads\Android-MyDemoAppRN.1.2.0.build-231.apk'

2023-04-27 23:18:30 - [MESSAGE][INFO] - Detected NodeJS location: "C:\Program Files\nodejs\node.exe"

2023-04-27 23:18:33 - [MESSAGE][INFO] - Appium server started on port 56,317

2023-04-27 23:18:59 - [MESSAGE][PASSED] - Started app at: 'C:\Users\LENOVO\Downloads\Android-MyDemoAppRN.1.2.0.build-231.apk'

2023-04-27 23:18:59 - [TEST_STEP][PASSED] - takeScreenshot("C:\Users\LENOVO\AppData\Local\Temp\screenshot7602340115604597821.png"): Screenshot is taken

2023-04-27 23:19:01 - [MESSAGE][PASSED] - Screenshot is taken
[[ATTACHMENT|C:\Users\LENOVO\AppData\Local\Temp\screenshot7602340115604597821.png]]

2023-04-27 23:19:01 - [TEST_STEP][PASSED] - tap(findTestObject("Object Repository/Login/TCLog 03 - username valid password null/android.widget.ImageView"), 0): Tapped on element 'Object Repository/Login/TCLog 03 - username valid password null/android.widget.ImageView'

2023-04-27 23:19:01 - [MESSAGE][WARNING] - Timeout '0' is invalid. Using default page load timeout: '30'

2023-04-27 23:19:02 - [MESSAGE][PASSED] - Tapped on element 'Object Repository/Login/TCLog 03 - username valid password null/android.widget.ImageView'

2023-04-27 23:19:02 - [TEST_STEP][PASSED] - tap(findTestObject("Object Repository/Login/TCLog 03 - username valid password null/android.widget.TextView - Log In"), 0): Tapped on element 'Object Repository/Login/TCLog 03 - username valid password null/android.widget.TextView - Log In'

2023-04-27 23:19:02 - [MESSAGE][WARNING] - Timeout '0' is invalid. Using default page load timeout: '30'

2023-04-27 23:19:04 - [MESSAGE][PASSED] - Tapped on element 'Object Repository/Login/TCLog 03 - username valid password null/android.widget.TextView - Log In'

2023-04-27 23:19:04 - [TEST_STEP][PASSED] - tap(findTestObject("Object Repository/Login/TCLog 03 - username valid password null/android.widget.EditText"), 0): Tapped on element 'Object Repository/Login/TCLog 03 - username valid password null/android.widget.EditText'

2023-04-27 23:19:04 - [MESSAGE][WARNING] - Timeout '0' is invalid. Using default page load timeout: '30'

2023-04-27 23:19:06 - [MESSAGE][PASSED] - Tapped on element 'Object Repository/Login/TCLog 03 - username valid password null/android.widget.EditText'

2023-04-27 23:19:06 - [TEST_STEP][PASSED] - setText(findTestObject("Object Repository/Login/TCLog 03 - username valid password null/android.widget.EditText (1)"), "bob@example.com", 0): Text 'bob@example.com' has been set to element 'Object Repository/Login/TCLog 03 - username valid password null/android.widget.EditText (1)'

2023-04-27 23:19:06 - [MESSAGE][WARNING] - Timeout '0' is invalid. Using default page load timeout: '30'

2023-04-27 23:19:08 - [MESSAGE][PASSED] - Text 'bob@example.com' has been set to element 'Object Repository/Login/TCLog 03 - username valid password null/android.widget.EditText (1)'

2023-04-27 23:19:08 - [TEST_STEP][PASSED] - tap(findTestObject("Object Repository/Login/TCLog 03 - username valid password null/android.view.ViewGroup"), 0): Tapped on element 'Object Repository/Login/TCLog 03 - username valid password null/android.view.ViewGroup'

2023-04-27 23:19:08 - [MESSAGE][WARNING] - Timeout '0' is invalid. Using default page load timeout: '30'

2023-04-27 23:19:09 - [MESSAGE][PASSED] - Tapped on element 'Object Repository/Login/TCLog 03 - username valid password null/android.view.ViewGroup'

2023-04-27 23:19:09 - [TEST_STEP][PASSED] - tap(findTestObject("Object Repository/Login/TCLog 03 - username valid password null/android.view.ViewGroup (1)"), 0): Tapped on element 'Object Repository/Login/TCLog 03 - username valid password null/android.view.ViewGroup (1)'

2023-04-27 23:19:09 - [MESSAGE][WARNING] - Timeout '0' is invalid. Using default page load timeout: '30'

2023-04-27 23:19:10 - [MESSAGE][PASSED] - Tapped on element 'Object Repository/Login/TCLog 03 - username valid password null/android.view.ViewGroup (1)'

2023-04-27 23:19:10 - [TEST_STEP][PASSED] - takeScreenshot("C:\Users\LENOVO\AppData\Local\Temp\screenshot1104389025135011384.png"): Screenshot is taken

2023-04-27 23:19:11 - [MESSAGE][PASSED] - Screenshot is taken
[[ATTACHMENT|C:\Users\LENOVO\AppData\Local\Temp\screenshot1104389025135011384.png]]

2023-04-27 23:19:11 - [TEST_STEP][PASSED] - closeApplication(): Close app successfully

2023-04-27 23:19:13 - [MESSAGE][PASSED] - Close app successfully]]></system-out>
         <system-err><![CDATA[]]></system-err>
      </testcase>
      <testcase name="Test Cases/Login/TCLog 04 - username dan password valid" time="45.233" classname="Test Cases/Login/TCLog 04 - username dan password valid" status="PASSED">
         <system-out><![CDATA[2023-04-27 23:19:13 - [TEST_CASE][PASSED] - Test Cases/Login/TCLog 04 - username dan password valid: Test Cases/Login/TCLog 04 - username dan password valid

2023-04-27 23:19:14 - [TEST_STEP][PASSED] - startApplication("C:\Users\LENOVO\Downloads\Android-MyDemoAppRN.1.2.0.build-231.apk", true): Started app at: 'C:\Users\LENOVO\Downloads\Android-MyDemoAppRN.1.2.0.build-231.apk'

2023-04-27 23:19:14 - [MESSAGE][INFO] - Detected NodeJS location: "C:\Program Files\nodejs\node.exe"

2023-04-27 23:19:17 - [MESSAGE][INFO] - Appium server started on port 56,572

2023-04-27 23:19:44 - [MESSAGE][PASSED] - Started app at: 'C:\Users\LENOVO\Downloads\Android-MyDemoAppRN.1.2.0.build-231.apk'

2023-04-27 23:19:44 - [TEST_STEP][PASSED] - takeScreenshot("C:\Users\LENOVO\AppData\Local\Temp\screenshot4567610957169262174.png"): Screenshot is taken

2023-04-27 23:19:45 - [MESSAGE][PASSED] - Screenshot is taken
[[ATTACHMENT|C:\Users\LENOVO\AppData\Local\Temp\screenshot4567610957169262174.png]]

2023-04-27 23:19:45 - [TEST_STEP][PASSED] - tap(findTestObject("Object Repository/Login/TCLog 04 - username dan password valid/android.widget.ImageView (2)"), 0): Tapped on element 'Object Repository/Login/TCLog 04 - username dan password valid/android.widget.ImageView (2)'

2023-04-27 23:19:45 - [MESSAGE][WARNING] - Timeout '0' is invalid. Using default page load timeout: '30'

2023-04-27 23:19:46 - [MESSAGE][PASSED] - Tapped on element 'Object Repository/Login/TCLog 04 - username dan password valid/android.widget.ImageView (2)'

2023-04-27 23:19:46 - [TEST_STEP][PASSED] - tap(findTestObject("Object Repository/Login/TCLog 04 - username dan password valid/android.widget.TextView - Log In (2)"), 0): Tapped on element 'Object Repository/Login/TCLog 04 - username dan password valid/android.widget.TextView - Log In (2)'

2023-04-27 23:19:46 - [MESSAGE][WARNING] - Timeout '0' is invalid. Using default page load timeout: '30'

2023-04-27 23:19:48 - [MESSAGE][PASSED] - Tapped on element 'Object Repository/Login/TCLog 04 - username dan password valid/android.widget.TextView - Log In (2)'

2023-04-27 23:19:48 - [TEST_STEP][PASSED] - tap(findTestObject("Object Repository/Login/TCLog 04 - username dan password valid/android.widget.EditText (8)"), 0): Tapped on element 'Object Repository/Login/TCLog 04 - username dan password valid/android.widget.EditText (8)'

2023-04-27 23:19:49 - [MESSAGE][WARNING] - Timeout '0' is invalid. Using default page load timeout: '30'

2023-04-27 23:19:51 - [MESSAGE][PASSED] - Tapped on element 'Object Repository/Login/TCLog 04 - username dan password valid/android.widget.EditText (8)'

2023-04-27 23:19:51 - [TEST_STEP][PASSED] - setText(findTestObject("Object Repository/Login/TCLog 04 - username dan password valid/android.widget.EditText (9)"), "bob@example.com", 0): Text 'bob@example.com' has been set to element 'Object Repository/Login/TCLog 04 - username dan password valid/android.widget.EditText (9)'

2023-04-27 23:19:51 - [MESSAGE][WARNING] - Timeout '0' is invalid. Using default page load timeout: '30'

2023-04-27 23:19:53 - [MESSAGE][PASSED] - Text 'bob@example.com' has been set to element 'Object Repository/Login/TCLog 04 - username dan password valid/android.widget.EditText (9)'

2023-04-27 23:19:53 - [TEST_STEP][PASSED] - tap(findTestObject("Object Repository/Login/TCLog 04 - username dan password valid/android.widget.EditText (10)"), 0): Tapped on element 'Object Repository/Login/TCLog 04 - username dan password valid/android.widget.EditText (10)'

2023-04-27 23:19:53 - [MESSAGE][WARNING] - Timeout '0' is invalid. Using default page load timeout: '30'

2023-04-27 23:19:54 - [MESSAGE][PASSED] - Tapped on element 'Object Repository/Login/TCLog 04 - username dan password valid/android.widget.EditText (10)'

2023-04-27 23:19:54 - [TEST_STEP][PASSED] - setText(findTestObject("Object Repository/Login/TCLog 04 - username dan password valid/android.widget.EditText (11)"), "10203040", 0): Text '10203040' has been set to element 'Object Repository/Login/TCLog 04 - username dan password valid/android.widget.EditText (11)'

2023-04-27 23:19:54 - [MESSAGE][WARNING] - Timeout '0' is invalid. Using default page load timeout: '30'

2023-04-27 23:19:55 - [MESSAGE][PASSED] - Text '10203040' has been set to element 'Object Repository/Login/TCLog 04 - username dan password valid/android.widget.EditText (11)'

2023-04-27 23:19:55 - [TEST_STEP][PASSED] - tap(findTestObject("Object Repository/Login/TCLog 04 - username dan password valid/android.widget.TextView - Login"), 0): Tapped on element 'Object Repository/Login/TCLog 04 - username dan password valid/android.widget.TextView - Login'

2023-04-27 23:19:55 - [MESSAGE][WARNING] - Timeout '0' is invalid. Using default page load timeout: '30'

2023-04-27 23:19:56 - [MESSAGE][PASSED] - Tapped on element 'Object Repository/Login/TCLog 04 - username dan password valid/android.widget.TextView - Login'

2023-04-27 23:19:56 - [TEST_STEP][PASSED] - closeApplication(): Close app successfully

2023-04-27 23:19:58 - [MESSAGE][PASSED] - Close app successfully]]></system-out>
         <system-err><![CDATA[]]></system-err>
      </testcase>
      <testcase name="Test Cases/Login/TCLog 05 - verifikasi locked akun" time="62.518" classname="Test Cases/Login/TCLog 05 - verifikasi locked akun" status="FAILED">
         <failure type="FAILED" message="Test Cases/Login/TCLog 05 - verifikasi locked akun FAILED.
Reason:
com.kms.katalon.core.exception.StepFailedException: Object Object Repository/TCLog 05 - verifikasi locked akun/android.widget.ImageView not found
	at com.kms.katalon.core.keyword.internal.KeywordMain.stepFailed(KeywordMain.groovy:50)
	at com.kms.katalon.core.mobile.keyword.internal.MobileKeywordMain.stepFailed(MobileKeywordMain.groovy:40)
	at com.kms.katalon.core.mobile.keyword.builtin.TapKeyword$_tap_closure1.doCall(TapKeyword.groovy:79)
	at com.kms.katalon.core.mobile.keyword.builtin.TapKeyword$_tap_closure1.call(TapKeyword.groovy)
	at com.kms.katalon.core.mobile.keyword.internal.MobileKeywordMain.runKeyword(MobileKeywordMain.groovy:21)
	at com.kms.katalon.core.mobile.keyword.builtin.TapKeyword.tap(TapKeyword.groovy:84)
	at com.kms.katalon.core.mobile.keyword.builtin.TapKeyword.execute(TapKeyword.groovy:68)
	at com.kms.katalon.core.keyword.internal.KeywordExecutor.executeKeywordForPlatform(KeywordExecutor.groovy:74)
	at com.kms.katalon.core.mobile.keyword.MobileBuiltInKeywords.tap(MobileBuiltInKeywords.groovy:1490)
	at com.kms.katalon.core.mobile.keyword.MobileBuiltInKeywords$tap$0.call(Unknown Source)
	at TCLog 05 - verifikasi locked akun.run(TCLog 05 - verifikasi locked akun:22)
	at com.kms.katalon.core.main.ScriptEngine.run(ScriptEngine.java:194)
	at com.kms.katalon.core.main.ScriptEngine.runScriptAsRawText(ScriptEngine.java:119)
	at com.kms.katalon.core.main.TestCaseExecutor.runScript(TestCaseExecutor.java:448)
	at com.kms.katalon.core.main.TestCaseExecutor.doExecute(TestCaseExecutor.java:439)
	at com.kms.katalon.core.main.TestCaseExecutor.processExecutionPhase(TestCaseExecutor.java:418)
	at com.kms.katalon.core.main.TestCaseExecutor.accessMainPhase(TestCaseExecutor.java:410)
	at com.kms.katalon.core.main.TestCaseExecutor.execute(TestCaseExecutor.java:285)
	at com.kms.katalon.core.common.CommonExecutor.accessTestCaseMainPhase(CommonExecutor.java:65)
	at com.kms.katalon.core.main.TestSuiteExecutor.accessTestSuiteMainPhase(TestSuiteExecutor.java:151)
	at com.kms.katalon.core.main.TestSuiteExecutor.execute(TestSuiteExecutor.java:106)
	at com.kms.katalon.core.main.TestCaseMain.startTestSuite(TestCaseMain.java:185)
	at com.kms.katalon.core.main.TestCaseMain$startTestSuite$0.call(Unknown Source)
	at TempTestSuite1682612210620.run(TempTestSuite1682612210620.groovy:36)
"/>
         <system-out><![CDATA[2023-04-27 23:19:58 - [TEST_CASE][FAILED] - Test Cases/Login/TCLog 05 - verifikasi locked akun: Test Cases/Login/TCLog 05 - verifikasi locked akun FAILED.
Reason:
com.kms.katalon.core.exception.StepFailedException: Object Object Repository/TCLog 05 - verifikasi locked akun/android.widget.ImageView not found
	at com.kms.katalon.core.keyword.internal.KeywordMain.stepFailed(KeywordMain.groovy:50)
	at com.kms.katalon.core.mobile.keyword.internal.MobileKeywordMain.stepFailed(MobileKeywordMain.groovy:40)
	at com.kms.katalon.core.mobile.keyword.builtin.TapKeyword$_tap_closure1.doCall(TapKeyword.groovy:79)
	at com.kms.katalon.core.mobile.keyword.builtin.TapKeyword$_tap_closure1.call(TapKeyword.groovy)
	at com.kms.katalon.core.mobile.keyword.internal.MobileKeywordMain.runKeyword(MobileKeywordMain.groovy:21)
	at com.kms.katalon.core.mobile.keyword.builtin.TapKeyword.tap(TapKeyword.groovy:84)
	at com.kms.katalon.core.mobile.keyword.builtin.TapKeyword.execute(TapKeyword.groovy:68)
	at com.kms.katalon.core.keyword.internal.KeywordExecutor.executeKeywordForPlatform(KeywordExecutor.groovy:74)
	at com.kms.katalon.core.mobile.keyword.MobileBuiltInKeywords.tap(MobileBuiltInKeywords.groovy:1490)
	at com.kms.katalon.core.mobile.keyword.MobileBuiltInKeywords$tap$0.call(Unknown Source)
	at TCLog 05 - verifikasi locked akun.run(TCLog 05 - verifikasi locked akun:22)
	at com.kms.katalon.core.main.ScriptEngine.run(ScriptEngine.java:194)
	at com.kms.katalon.core.main.ScriptEngine.runScriptAsRawText(ScriptEngine.java:119)
	at com.kms.katalon.core.main.TestCaseExecutor.runScript(TestCaseExecutor.java:448)
	at com.kms.katalon.core.main.TestCaseExecutor.doExecute(TestCaseExecutor.java:439)
	at com.kms.katalon.core.main.TestCaseExecutor.processExecutionPhase(TestCaseExecutor.java:418)
	at com.kms.katalon.core.main.TestCaseExecutor.accessMainPhase(TestCaseExecutor.java:410)
	at com.kms.katalon.core.main.TestCaseExecutor.execute(TestCaseExecutor.java:285)
	at com.kms.katalon.core.common.CommonExecutor.accessTestCaseMainPhase(CommonExecutor.java:65)
	at com.kms.katalon.core.main.TestSuiteExecutor.accessTestSuiteMainPhase(TestSuiteExecutor.java:151)
	at com.kms.katalon.core.main.TestSuiteExecutor.execute(TestSuiteExecutor.java:106)
	at com.kms.katalon.core.main.TestCaseMain.startTestSuite(TestCaseMain.java:185)
	at com.kms.katalon.core.main.TestCaseMain$startTestSuite$0.call(Unknown Source)
	at TempTestSuite1682612210620.run(TempTestSuite1682612210620.groovy:36)


2023-04-27 23:19:59 - [TEST_STEP][PASSED] - startApplication("C:\Users\LENOVO\Downloads\Android-MyDemoAppRN.1.2.0.build-231.apk", true): Started app at: 'C:\Users\LENOVO\Downloads\Android-MyDemoAppRN.1.2.0.build-231.apk'

2023-04-27 23:20:00 - [MESSAGE][INFO] - Detected NodeJS location: "C:\Program Files\nodejs\node.exe"

2023-04-27 23:20:03 - [MESSAGE][INFO] - Appium server started on port 56,805

2023-04-27 23:20:28 - [MESSAGE][PASSED] - Started app at: 'C:\Users\LENOVO\Downloads\Android-MyDemoAppRN.1.2.0.build-231.apk'

2023-04-27 23:20:28 - [TEST_STEP][FAILED] - tap(findTestObject("Object Repository/TCLog 05 - verifikasi locked akun/android.widget.ImageView"), 0): Failed to tap on element 'Object Repository/TCLog 05 - verifikasi locked akun/android.widget.ImageView' (Root cause: com.kms.katalon.core.exception.StepFailedException: Object Object Repository/TCLog 05 - verifikasi locked akun/android.widget.ImageView not found
	at com.kms.katalon.core.keyword.internal.KeywordMain.stepFailed(KeywordMain.groovy:50)
	at com.kms.katalon.core.mobile.keyword.internal.MobileKeywordMain.stepFailed(MobileKeywordMain.groovy:40)
	at com.kms.katalon.core.mobile.keyword.builtin.TapKeyword$_tap_closure1.doCall(TapKeyword.groovy:79)
	at com.kms.katalon.core.mobile.keyword.builtin.TapKeyword$_tap_closure1.call(TapKeyword.groovy)
	at com.kms.katalon.core.mobile.keyword.internal.MobileKeywordMain.runKeyword(MobileKeywordMain.groovy:21)
	at com.kms.katalon.core.mobile.keyword.builtin.TapKeyword.tap(TapKeyword.groovy:84)
	at com.kms.katalon.core.mobile.keyword.builtin.TapKeyword.execute(TapKeyword.groovy:68)
	at com.kms.katalon.core.keyword.internal.KeywordExecutor.executeKeywordForPlatform(KeywordExecutor.groovy:74)
	at com.kms.katalon.core.mobile.keyword.MobileBuiltInKeywords.tap(MobileBuiltInKeywords.groovy:1490)
	at com.kms.katalon.core.mobile.keyword.MobileBuiltInKeywords$tap$0.call(Unknown Source)
	at TCLog 05 - verifikasi locked akun.run(TCLog 05 - verifikasi locked akun:22)
	at com.kms.katalon.core.main.ScriptEngine.run(ScriptEngine.java:194)
	at com.kms.katalon.core.main.ScriptEngine.runScriptAsRawText(ScriptEngine.java:119)
	at com.kms.katalon.core.main.TestCaseExecutor.runScript(TestCaseExecutor.java:448)
	at com.kms.katalon.core.main.TestCaseExecutor.doExecute(TestCaseExecutor.java:439)
	at com.kms.katalon.core.main.TestCaseExecutor.processExecutionPhase(TestCaseExecutor.java:418)
	at com.kms.katalon.core.main.TestCaseExecutor.accessMainPhase(TestCaseExecutor.java:410)
	at com.kms.katalon.core.main.TestCaseExecutor.execute(TestCaseExecutor.java:285)
	at com.kms.katalon.core.common.CommonExecutor.accessTestCaseMainPhase(CommonExecutor.java:65)
	at com.kms.katalon.core.main.TestSuiteExecutor.accessTestSuiteMainPhase(TestSuiteExecutor.java:151)
	at com.kms.katalon.core.main.TestSuiteExecutor.execute(TestSuiteExecutor.java:106)
	at com.kms.katalon.core.main.TestCaseMain.startTestSuite(TestCaseMain.java:185)
	at com.kms.katalon.core.main.TestCaseMain$startTestSuite$0.call(Unknown Source)
	at TempTestSuite1682612210620.run(TempTestSuite1682612210620.groovy:36)
)

2023-04-27 23:20:29 - [MESSAGE][WARNING] - Timeout '0' is invalid. Using default page load timeout: '30'

2023-04-27 23:20:59 - [MESSAGE][FAILED] - Object Object Repository/TCLog 05 - verifikasi locked akun/android.widget.ImageView not found

2023-04-27 23:21:01 - [MESSAGE][FAILED] - Failed to tap on element 'Object Repository/TCLog 05 - verifikasi locked akun/android.widget.ImageView' (Root cause: com.kms.katalon.core.exception.StepFailedException: Object Object Repository/TCLog 05 - verifikasi locked akun/android.widget.ImageView not found
	at com.kms.katalon.core.keyword.internal.KeywordMain.stepFailed(KeywordMain.groovy:50)
	at com.kms.katalon.core.mobile.keyword.internal.MobileKeywordMain.stepFailed(MobileKeywordMain.groovy:40)
	at com.kms.katalon.core.mobile.keyword.builtin.TapKeyword$_tap_closure1.doCall(TapKeyword.groovy:79)
	at com.kms.katalon.core.mobile.keyword.builtin.TapKeyword$_tap_closure1.call(TapKeyword.groovy)
	at com.kms.katalon.core.mobile.keyword.internal.MobileKeywordMain.runKeyword(MobileKeywordMain.groovy:21)
	at com.kms.katalon.core.mobile.keyword.builtin.TapKeyword.tap(TapKeyword.groovy:84)
	at com.kms.katalon.core.mobile.keyword.builtin.TapKeyword.execute(TapKeyword.groovy:68)
	at com.kms.katalon.core.keyword.internal.KeywordExecutor.executeKeywordForPlatform(KeywordExecutor.groovy:74)
	at com.kms.katalon.core.mobile.keyword.MobileBuiltInKeywords.tap(MobileBuiltInKeywords.groovy:1490)
	at com.kms.katalon.core.mobile.keyword.MobileBuiltInKeywords$tap$0.call(Unknown Source)
	at TCLog 05 - verifikasi locked akun.run(TCLog 05 - verifikasi locked akun:22)
	at com.kms.katalon.core.main.ScriptEngine.run(ScriptEngine.java:194)
	at com.kms.katalon.core.main.ScriptEngine.runScriptAsRawText(ScriptEngine.java:119)
	at com.kms.katalon.core.main.TestCaseExecutor.runScript(TestCaseExecutor.java:448)
	at com.kms.katalon.core.main.TestCaseExecutor.doExecute(TestCaseExecutor.java:439)
	at com.kms.katalon.core.main.TestCaseExecutor.processExecutionPhase(TestCaseExecutor.java:418)
	at com.kms.katalon.core.main.TestCaseExecutor.accessMainPhase(TestCaseExecutor.java:410)
	at com.kms.katalon.core.main.TestCaseExecutor.execute(TestCaseExecutor.java:285)
	at com.kms.katalon.core.common.CommonExecutor.accessTestCaseMainPhase(CommonExecutor.java:65)
	at com.kms.katalon.core.main.TestSuiteExecutor.accessTestSuiteMainPhase(TestSuiteExecutor.java:151)
	at com.kms.katalon.core.main.TestSuiteExecutor.execute(TestSuiteExecutor.java:106)
	at com.kms.katalon.core.main.TestCaseMain.startTestSuite(TestCaseMain.java:185)
	at com.kms.katalon.core.main.TestCaseMain$startTestSuite$0.call(Unknown Source)
	at TempTestSuite1682612210620.run(TempTestSuite1682612210620.groovy:36)
)
[[ATTACHMENT|C:\\Users\\LENOVO\\git\\Katalon-Mobile-Testing\\Reports\\20230427_231650\\Login\\Login\\20230427_231650\\1682612459193.png]]]]></system-out>
         <system-err><![CDATA[2023-04-27 23:19:58 - [TEST_CASE][FAILED] - Test Cases/Login/TCLog 05 - verifikasi locked akun: Test Cases/Login/TCLog 05 - verifikasi locked akun FAILED.
Reason:
com.kms.katalon.core.exception.StepFailedException: Object Object Repository/TCLog 05 - verifikasi locked akun/android.widget.ImageView not found
	at com.kms.katalon.core.keyword.internal.KeywordMain.stepFailed(KeywordMain.groovy:50)
	at com.kms.katalon.core.mobile.keyword.internal.MobileKeywordMain.stepFailed(MobileKeywordMain.groovy:40)
	at com.kms.katalon.core.mobile.keyword.builtin.TapKeyword$_tap_closure1.doCall(TapKeyword.groovy:79)
	at com.kms.katalon.core.mobile.keyword.builtin.TapKeyword$_tap_closure1.call(TapKeyword.groovy)
	at com.kms.katalon.core.mobile.keyword.internal.MobileKeywordMain.runKeyword(MobileKeywordMain.groovy:21)
	at com.kms.katalon.core.mobile.keyword.builtin.TapKeyword.tap(TapKeyword.groovy:84)
	at com.kms.katalon.core.mobile.keyword.builtin.TapKeyword.execute(TapKeyword.groovy:68)
	at com.kms.katalon.core.keyword.internal.KeywordExecutor.executeKeywordForPlatform(KeywordExecutor.groovy:74)
	at com.kms.katalon.core.mobile.keyword.MobileBuiltInKeywords.tap(MobileBuiltInKeywords.groovy:1490)
	at com.kms.katalon.core.mobile.keyword.MobileBuiltInKeywords$tap$0.call(Unknown Source)
	at TCLog 05 - verifikasi locked akun.run(TCLog 05 - verifikasi locked akun:22)
	at com.kms.katalon.core.main.ScriptEngine.run(ScriptEngine.java:194)
	at com.kms.katalon.core.main.ScriptEngine.runScriptAsRawText(ScriptEngine.java:119)
	at com.kms.katalon.core.main.TestCaseExecutor.runScript(TestCaseExecutor.java:448)
	at com.kms.katalon.core.main.TestCaseExecutor.doExecute(TestCaseExecutor.java:439)
	at com.kms.katalon.core.main.TestCaseExecutor.processExecutionPhase(TestCaseExecutor.java:418)
	at com.kms.katalon.core.main.TestCaseExecutor.accessMainPhase(TestCaseExecutor.java:410)
	at com.kms.katalon.core.main.TestCaseExecutor.execute(TestCaseExecutor.java:285)
	at com.kms.katalon.core.common.CommonExecutor.accessTestCaseMainPhase(CommonExecutor.java:65)
	at com.kms.katalon.core.main.TestSuiteExecutor.accessTestSuiteMainPhase(TestSuiteExecutor.java:151)
	at com.kms.katalon.core.main.TestSuiteExecutor.execute(TestSuiteExecutor.java:106)
	at com.kms.katalon.core.main.TestCaseMain.startTestSuite(TestCaseMain.java:185)
	at com.kms.katalon.core.main.TestCaseMain$startTestSuite$0.call(Unknown Source)
	at TempTestSuite1682612210620.run(TempTestSuite1682612210620.groovy:36)]]></system-err>
      </testcase>
      <system-out><![CDATA[2023-04-27 23:16:58 - [TEST_SUITE][FAILED] - Login: Test Cases/Login/TCLog 05 - verifikasi locked akun FAILED.
Reason:
com.kms.katalon.core.exception.StepFailedException: Object Object Repository/TCLog 05 - verifikasi locked akun/android.widget.ImageView not found
	at com.kms.katalon.core.keyword.internal.KeywordMain.stepFailed(KeywordMain.groovy:50)
	at com.kms.katalon.core.mobile.keyword.internal.MobileKeywordMain.stepFailed(MobileKeywordMain.groovy:40)
	at com.kms.katalon.core.mobile.keyword.builtin.TapKeyword$_tap_closure1.doCall(TapKeyword.groovy:79)
	at com.kms.katalon.core.mobile.keyword.builtin.TapKeyword$_tap_closure1.call(TapKeyword.groovy)
	at com.kms.katalon.core.mobile.keyword.internal.MobileKeywordMain.runKeyword(MobileKeywordMain.groovy:21)
	at com.kms.katalon.core.mobile.keyword.builtin.TapKeyword.tap(TapKeyword.groovy:84)
	at com.kms.katalon.core.mobile.keyword.builtin.TapKeyword.execute(TapKeyword.groovy:68)
	at com.kms.katalon.core.keyword.internal.KeywordExecutor.executeKeywordForPlatform(KeywordExecutor.groovy:74)
	at com.kms.katalon.core.mobile.keyword.MobileBuiltInKeywords.tap(MobileBuiltInKeywords.groovy:1490)
	at com.kms.katalon.core.mobile.keyword.MobileBuiltInKeywords$tap$0.call(Unknown Source)
	at TCLog 05 - verifikasi locked akun.run(TCLog 05 - verifikasi locked akun:22)
	at com.kms.katalon.core.main.ScriptEngine.run(ScriptEngine.java:194)
	at com.kms.katalon.core.main.ScriptEngine.runScriptAsRawText(ScriptEngine.java:119)
	at com.kms.katalon.core.main.TestCaseExecutor.runScript(TestCaseExecutor.java:448)
	at com.kms.katalon.core.main.TestCaseExecutor.doExecute(TestCaseExecutor.java:439)
	at com.kms.katalon.core.main.TestCaseExecutor.processExecutionPhase(TestCaseExecutor.java:418)
	at com.kms.katalon.core.main.TestCaseExecutor.accessMainPhase(TestCaseExecutor.java:410)
	at com.kms.katalon.core.main.TestCaseExecutor.execute(TestCaseExecutor.java:285)
	at com.kms.katalon.core.common.CommonExecutor.accessTestCaseMainPhase(CommonExecutor.java:65)
	at com.kms.katalon.core.main.TestSuiteExecutor.accessTestSuiteMainPhase(TestSuiteExecutor.java:151)
	at com.kms.katalon.core.main.TestSuiteExecutor.execute(TestSuiteExecutor.java:106)
	at com.kms.katalon.core.main.TestCaseMain.startTestSuite(TestCaseMain.java:185)
	at com.kms.katalon.core.main.TestCaseMain$startTestSuite$0.call(Unknown Source)
	at TempTestSuite1682612210620.run(TempTestSuite1682612210620.groovy:36)]]></system-out>
      <system-err><![CDATA[2023-04-27 23:16:58 - [TEST_SUITE][FAILED] - Login: Test Cases/Login/TCLog 05 - verifikasi locked akun FAILED.
Reason:
com.kms.katalon.core.exception.StepFailedException: Object Object Repository/TCLog 05 - verifikasi locked akun/android.widget.ImageView not found
	at com.kms.katalon.core.keyword.internal.KeywordMain.stepFailed(KeywordMain.groovy:50)
	at com.kms.katalon.core.mobile.keyword.internal.MobileKeywordMain.stepFailed(MobileKeywordMain.groovy:40)
	at com.kms.katalon.core.mobile.keyword.builtin.TapKeyword$_tap_closure1.doCall(TapKeyword.groovy:79)
	at com.kms.katalon.core.mobile.keyword.builtin.TapKeyword$_tap_closure1.call(TapKeyword.groovy)
	at com.kms.katalon.core.mobile.keyword.internal.MobileKeywordMain.runKeyword(MobileKeywordMain.groovy:21)
	at com.kms.katalon.core.mobile.keyword.builtin.TapKeyword.tap(TapKeyword.groovy:84)
	at com.kms.katalon.core.mobile.keyword.builtin.TapKeyword.execute(TapKeyword.groovy:68)
	at com.kms.katalon.core.keyword.internal.KeywordExecutor.executeKeywordForPlatform(KeywordExecutor.groovy:74)
	at com.kms.katalon.core.mobile.keyword.MobileBuiltInKeywords.tap(MobileBuiltInKeywords.groovy:1490)
	at com.kms.katalon.core.mobile.keyword.MobileBuiltInKeywords$tap$0.call(Unknown Source)
	at TCLog 05 - verifikasi locked akun.run(TCLog 05 - verifikasi locked akun:22)
	at com.kms.katalon.core.main.ScriptEngine.run(ScriptEngine.java:194)
	at com.kms.katalon.core.main.ScriptEngine.runScriptAsRawText(ScriptEngine.java:119)
	at com.kms.katalon.core.main.TestCaseExecutor.runScript(TestCaseExecutor.java:448)
	at com.kms.katalon.core.main.TestCaseExecutor.doExecute(TestCaseExecutor.java:439)
	at com.kms.katalon.core.main.TestCaseExecutor.processExecutionPhase(TestCaseExecutor.java:418)
	at com.kms.katalon.core.main.TestCaseExecutor.accessMainPhase(TestCaseExecutor.java:410)
	at com.kms.katalon.core.main.TestCaseExecutor.execute(TestCaseExecutor.java:285)
	at com.kms.katalon.core.common.CommonExecutor.accessTestCaseMainPhase(CommonExecutor.java:65)
	at com.kms.katalon.core.main.TestSuiteExecutor.accessTestSuiteMainPhase(TestSuiteExecutor.java:151)
	at com.kms.katalon.core.main.TestSuiteExecutor.execute(TestSuiteExecutor.java:106)
	at com.kms.katalon.core.main.TestCaseMain.startTestSuite(TestCaseMain.java:185)
	at com.kms.katalon.core.main.TestCaseMain$startTestSuite$0.call(Unknown Source)
	at TempTestSuite1682612210620.run(TempTestSuite1682612210620.groovy:36)]]></system-err>
   </testsuite>
</testsuites>
